
[FATAL-2024-04-28 20:28:00] 意外的严重错误，日志为：System.NullReferenceException: Object reference not set to an instance of an object
  at LogWirte+LogWriter.Write (System.String msg, LogWirte+LogWriter+LogType type) [0x00070] in D:\UnityProject\Phigros_Sim\Assets\Scripts\OtherScripts\LogWriter.cs:52 
  at MainBtnScrt.LoadButtonOnClick () [0x00002] in D:\UnityProject\Phigros_Sim\Assets\Scripts\MainScr\MainBtnScr.cs:47 
[DEBUG-2024-04-28 20:28:15] 加载按钮被点击，开始加载流程
[DEBUG-2024-04-28 20:28:15] 检测到当前为WINDOWS_DEBUG环境，当前缓存文件路径为：D:/UnityProject/Phigros_Sim/Assets/ChartTemp
[INFO-2024-04-28 20:28:15] 缓存文件清理完成
[DEBUG-2024-04-28 20:28:15] 文件释放成功
[DEBUG-2024-04-28 20:28:15] 第1线的Move事件转换结束，共有1499个Move事件
[DEBUG-2024-04-28 20:28:16] 第1线的rotate事件转换结束，共有2661个rotate事件
[DEBUG-2024-04-28 20:28:16] 第1线的Alpha事件转换结束，共有2个Alpha事件
[DEBUG-2024-04-28 20:28:16] 第2线的Move事件转换结束，共有1个Move事件
[DEBUG-2024-04-28 20:28:16] 第2线的rotate事件转换结束，共有1个rotate事件
[DEBUG-2024-04-28 20:28:16] 第2线的Alpha事件转换结束，共有1个Alpha事件
[DEBUG-2024-04-28 20:28:16] 第3线的Move事件转换结束，共有1个Move事件
[DEBUG-2024-04-28 20:28:16] 第3线的rotate事件转换结束，共有1个rotate事件
[DEBUG-2024-04-28 20:28:16] 第3线的Alpha事件转换结束，共有1个Alpha事件
[DEBUG-2024-04-28 20:28:16] 第4线的Move事件转换结束，共有1个Move事件
[DEBUG-2024-04-28 20:28:16] 第4线的rotate事件转换结束，共有1个rotate事件
[DEBUG-2024-04-28 20:28:16] 第4线的Alpha事件转换结束，共有1个Alpha事件
[DEBUG-2024-04-28 20:28:16] 第5线的Move事件转换结束，共有1个Move事件
[DEBUG-2024-04-28 20:28:16] 第5线的rotate事件转换结束，共有1个rotate事件
[DEBUG-2024-04-28 20:28:16] 第5线的Alpha事件转换结束，共有1个Alpha事件
[DEBUG-2024-04-28 20:28:16] 第6线的Move事件转换结束，共有1个Move事件
[DEBUG-2024-04-28 20:28:16] 第6线的rotate事件转换结束，共有1个rotate事件
[DEBUG-2024-04-28 20:28:16] 第6线的Alpha事件转换结束，共有1个Alpha事件
[DEBUG-2024-04-28 20:28:16] 第7线的Move事件转换结束，共有1个Move事件
[DEBUG-2024-04-28 20:28:16] 第7线的rotate事件转换结束，共有1个rotate事件
[DEBUG-2024-04-28 20:28:16] 第7线的Alpha事件转换结束，共有1个Alpha事件
[DEBUG-2024-04-28 20:28:16] 第8线的Move事件转换结束，共有1个Move事件
[DEBUG-2024-04-28 20:28:16] 第8线的rotate事件转换结束，共有1个rotate事件
[DEBUG-2024-04-28 20:28:16] 第8线的Alpha事件转换结束，共有1个Alpha事件
[DEBUG-2024-04-28 20:28:16] 第9线的Move事件转换结束，共有1个Move事件
[DEBUG-2024-04-28 20:28:16] 第9线的rotate事件转换结束，共有1个rotate事件
[DEBUG-2024-04-28 20:28:16] 第9线的Alpha事件转换结束，共有1个Alpha事件
[DEBUG-2024-04-28 20:28:16] 第10线的Move事件转换结束，共有1个Move事件
[DEBUG-2024-04-28 20:28:16] 第10线的rotate事件转换结束，共有1个rotate事件
[DEBUG-2024-04-28 20:28:16] 第10线的Alpha事件转换结束，共有1个Alpha事件
[DEBUG-2024-04-28 20:28:16] 第11线的Move事件转换结束，共有1个Move事件
[DEBUG-2024-04-28 20:28:16] 第11线的rotate事件转换结束，共有1个rotate事件
[DEBUG-2024-04-28 20:28:16] 第11线的Alpha事件转换结束，共有1个Alpha事件
[DEBUG-2024-04-28 20:28:16] 第12线的Move事件转换结束，共有1个Move事件
[DEBUG-2024-04-28 20:28:16] 第12线的rotate事件转换结束，共有1个rotate事件
[DEBUG-2024-04-28 20:28:16] 第12线的Alpha事件转换结束，共有1个Alpha事件
[DEBUG-2024-04-28 20:28:16] 第13线的Move事件转换结束，共有1个Move事件
[DEBUG-2024-04-28 20:28:16] 第13线的rotate事件转换结束，共有1个rotate事件
[DEBUG-2024-04-28 20:28:16] 第13线的Alpha事件转换结束，共有1个Alpha事件
[DEBUG-2024-04-28 20:28:16] 第14线的Move事件转换结束，共有1个Move事件
[DEBUG-2024-04-28 20:28:16] 第14线的rotate事件转换结束，共有1个rotate事件
[DEBUG-2024-04-28 20:28:16] 第14线的Alpha事件转换结束，共有1个Alpha事件
[DEBUG-2024-04-28 20:28:16] 第15线的Move事件转换结束，共有1个Move事件
[DEBUG-2024-04-28 20:28:16] 第15线的rotate事件转换结束，共有1个rotate事件
[DEBUG-2024-04-28 20:28:16] 第15线的Alpha事件转换结束，共有1个Alpha事件
[DEBUG-2024-04-28 20:28:16] 第16线的Move事件转换结束，共有1个Move事件
[DEBUG-2024-04-28 20:28:16] 第16线的rotate事件转换结束，共有1个rotate事件
[DEBUG-2024-04-28 20:28:16] 第16线的Alpha事件转换结束，共有1个Alpha事件
[DEBUG-2024-04-28 20:28:16] 第17线的Move事件转换结束，共有1个Move事件
[DEBUG-2024-04-28 20:28:16] 第17线的rotate事件转换结束，共有1个rotate事件
[DEBUG-2024-04-28 20:28:16] 第17线的Alpha事件转换结束，共有1个Alpha事件
[DEBUG-2024-04-28 20:28:16] 第18线的Move事件转换结束，共有1个Move事件
[DEBUG-2024-04-28 20:28:16] 第18线的rotate事件转换结束，共有1个rotate事件
[DEBUG-2024-04-28 20:28:16] 第18线的Alpha事件转换结束，共有1个Alpha事件
[DEBUG-2024-04-28 20:28:16] 第19线的Move事件转换结束，共有1个Move事件
[DEBUG-2024-04-28 20:28:16] 第19线的rotate事件转换结束，共有1个rotate事件
[DEBUG-2024-04-28 20:28:16] 第19线的Alpha事件转换结束，共有1个Alpha事件
[DEBUG-2024-04-28 20:28:16] 第20线的Move事件转换结束，共有1个Move事件
[DEBUG-2024-04-28 20:28:16] 第20线的rotate事件转换结束，共有1个rotate事件
[DEBUG-2024-04-28 20:28:16] 第20线的Alpha事件转换结束，共有1个Alpha事件
[DEBUG-2024-04-28 20:28:16] 第21线的Move事件转换结束，共有1个Move事件
[DEBUG-2024-04-28 20:28:16] 第21线的rotate事件转换结束，共有1个rotate事件
[DEBUG-2024-04-28 20:28:16] 第21线的Alpha事件转换结束，共有958个Alpha事件
[DEBUG-2024-04-28 20:28:16] 第22线的Move事件转换结束，共有1个Move事件
[DEBUG-2024-04-28 20:28:16] 第22线的rotate事件转换结束，共有1个rotate事件
[DEBUG-2024-04-28 20:28:16] 第22线的Alpha事件转换结束，共有74个Alpha事件
[DEBUG-2024-04-28 20:28:16] 第23线的Move事件转换结束，共有1个Move事件
[DEBUG-2024-04-28 20:28:16] 第23线的rotate事件转换结束，共有1个rotate事件
[DEBUG-2024-04-28 20:28:16] 第23线的Alpha事件转换结束，共有243个Alpha事件
[DEBUG-2024-04-28 20:28:16] 第24线的Move事件转换结束，共有1个Move事件
[DEBUG-2024-04-28 20:28:16] 第24线的rotate事件转换结束，共有1个rotate事件
[DEBUG-2024-04-28 20:28:16] 第24线的Alpha事件转换结束，共有94个Alpha事件
[INFO-2024-04-28 20:28:16] 转谱结束，共有24条判定线
[DEBUG-2024-04-28 20:28:16] 读取配置文件成功，谱面转换工作结束，谱面信息：3，等待加载
[DEBUG-2024-04-29 00:39:30] 加载按钮被点击，开始加载流程
[DEBUG-2024-04-29 00:39:31] 检测到当前为WINDOWS_DEBUG环境，当前缓存文件路径为：D:/UnityProject/Phigros_Sim/Assets/ChartTemp
[INFO-2024-04-29 00:39:31] 缓存文件清理完成
[DEBUG-2024-04-29 00:39:31] 文件释放成功
[DEBUG-2024-04-29 00:39:32] 第1线的Move事件转换结束，共有2577个Move事件
[DEBUG-2024-04-29 00:39:32] 第1线的rotate事件转换结束，共有7099个rotate事件
[DEBUG-2024-04-29 00:39:32] 第1线的Alpha事件转换结束，共有148个Alpha事件
[DEBUG-2024-04-29 00:39:32] 第2线的Move事件转换结束，共有1066个Move事件
[DEBUG-2024-04-29 00:39:32] 第2线的rotate事件转换结束，共有2764个rotate事件
[DEBUG-2024-04-29 00:39:32] 第2线的Alpha事件转换结束，共有207个Alpha事件
[DEBUG-2024-04-29 00:39:32] 第3线的Move事件转换结束，共有2128个Move事件
[DEBUG-2024-04-29 00:39:32] 第3线的rotate事件转换结束，共有2656个rotate事件
[DEBUG-2024-04-29 00:39:32] 第3线的Alpha事件转换结束，共有1961个Alpha事件
[DEBUG-2024-04-29 00:39:32] 第4线的Move事件转换结束，共有1793个Move事件
[DEBUG-2024-04-29 00:39:32] 第4线的rotate事件转换结束，共有1573个rotate事件
[DEBUG-2024-04-29 00:39:32] 第4线的Alpha事件转换结束，共有1635个Alpha事件
[DEBUG-2024-04-29 00:39:32] 第5线的Move事件转换结束，共有2290个Move事件
[DEBUG-2024-04-29 00:39:32] 第5线的rotate事件转换结束，共有734个rotate事件
[DEBUG-2024-04-29 00:39:32] 第5线的Alpha事件转换结束，共有1028个Alpha事件
[DEBUG-2024-04-29 00:39:32] 第6线的Move事件转换结束，共有2066个Move事件
[DEBUG-2024-04-29 00:39:32] 第6线的rotate事件转换结束，共有762个rotate事件
[DEBUG-2024-04-29 00:39:32] 第6线的Alpha事件转换结束，共有1019个Alpha事件
[DEBUG-2024-04-29 00:39:32] 第7线的Move事件转换结束，共有3619个Move事件
[DEBUG-2024-04-29 00:39:32] 第7线的rotate事件转换结束，共有1755个rotate事件
[DEBUG-2024-04-29 00:39:32] 第7线的Alpha事件转换结束，共有867个Alpha事件
[DEBUG-2024-04-29 00:39:32] 第8线的Move事件转换结束，共有3679个Move事件
[DEBUG-2024-04-29 00:39:32] 第8线的rotate事件转换结束，共有1753个rotate事件
[DEBUG-2024-04-29 00:39:32] 第8线的Alpha事件转换结束，共有814个Alpha事件
[DEBUG-2024-04-29 00:39:32] 第9线的Move事件转换结束，共有989个Move事件
[DEBUG-2024-04-29 00:39:32] 第9线的rotate事件转换结束，共有238个rotate事件
[DEBUG-2024-04-29 00:39:32] 第9线的Alpha事件转换结束，共有2190个Alpha事件
[DEBUG-2024-04-29 00:39:32] 第10线的Move事件转换结束，共有1132个Move事件
[DEBUG-2024-04-29 00:39:32] 第10线的rotate事件转换结束，共有821个rotate事件
[DEBUG-2024-04-29 00:39:32] 第10线的Alpha事件转换结束，共有2261个Alpha事件
[DEBUG-2024-04-29 00:39:32] 第11线的Move事件转换结束，共有895个Move事件
[DEBUG-2024-04-29 00:39:33] 第11线的rotate事件转换结束，共有689个rotate事件
[DEBUG-2024-04-29 00:39:33] 第11线的Alpha事件转换结束，共有382个Alpha事件
[DEBUG-2024-04-29 00:39:33] 第12线的Move事件转换结束，共有667个Move事件
[DEBUG-2024-04-29 00:39:33] 第12线的rotate事件转换结束，共有627个rotate事件
[DEBUG-2024-04-29 00:39:33] 第12线的Alpha事件转换结束，共有1301个Alpha事件
[DEBUG-2024-04-29 00:39:33] 第13线的Move事件转换结束，共有1526个Move事件
[DEBUG-2024-04-29 00:39:33] 第13线的rotate事件转换结束，共有373个rotate事件
[DEBUG-2024-04-29 00:39:33] 第13线的Alpha事件转换结束，共有674个Alpha事件
[DEBUG-2024-04-29 00:39:33] 第14线的Move事件转换结束，共有1714个Move事件
[DEBUG-2024-04-29 00:39:33] 第14线的rotate事件转换结束，共有634个rotate事件
[DEBUG-2024-04-29 00:39:33] 第14线的Alpha事件转换结束，共有638个Alpha事件
[DEBUG-2024-04-29 00:39:33] 第15线的Move事件转换结束，共有800个Move事件
[DEBUG-2024-04-29 00:39:33] 第15线的rotate事件转换结束，共有473个rotate事件
[DEBUG-2024-04-29 00:39:33] 第15线的Alpha事件转换结束，共有182个Alpha事件
[DEBUG-2024-04-29 00:39:33] 第16线的Move事件转换结束，共有1495个Move事件
[DEBUG-2024-04-29 00:39:33] 第16线的rotate事件转换结束，共有351个rotate事件
[DEBUG-2024-04-29 00:39:33] 第16线的Alpha事件转换结束，共有253个Alpha事件
[DEBUG-2024-04-29 00:39:33] 第17线的Move事件转换结束，共有1264个Move事件
[DEBUG-2024-04-29 00:39:33] 第17线的rotate事件转换结束，共有218个rotate事件
[DEBUG-2024-04-29 00:39:33] 第17线的Alpha事件转换结束，共有245个Alpha事件
[DEBUG-2024-04-29 00:39:33] 第18线的Move事件转换结束，共有927个Move事件
[DEBUG-2024-04-29 00:39:33] 第18线的rotate事件转换结束，共有351个rotate事件
[DEBUG-2024-04-29 00:39:33] 第18线的Alpha事件转换结束，共有226个Alpha事件
[DEBUG-2024-04-29 00:39:33] 第19线的Move事件转换结束，共有462个Move事件
[DEBUG-2024-04-29 00:39:33] 第19线的rotate事件转换结束，共有7个rotate事件
[DEBUG-2024-04-29 00:39:33] 第19线的Alpha事件转换结束，共有1个Alpha事件
[DEBUG-2024-04-29 00:39:33] 第20线的Move事件转换结束，共有462个Move事件
[DEBUG-2024-04-29 00:39:33] 第20线的rotate事件转换结束，共有7个rotate事件
[DEBUG-2024-04-29 00:39:33] 第20线的Alpha事件转换结束，共有1个Alpha事件
[DEBUG-2024-04-29 00:39:33] 第21线的Move事件转换结束，共有462个Move事件
[DEBUG-2024-04-29 00:39:33] 第21线的rotate事件转换结束，共有6个rotate事件
[DEBUG-2024-04-29 00:39:33] 第21线的Alpha事件转换结束，共有1个Alpha事件
[DEBUG-2024-04-29 00:39:33] 第22线的Move事件转换结束，共有1210个Move事件
[DEBUG-2024-04-29 00:39:33] 第22线的rotate事件转换结束，共有307个rotate事件
[DEBUG-2024-04-29 00:39:33] 第22线的Alpha事件转换结束，共有1个Alpha事件
[DEBUG-2024-04-29 00:39:33] 第23线的Move事件转换结束，共有1638个Move事件
[DEBUG-2024-04-29 00:39:33] 第23线的rotate事件转换结束，共有1173个rotate事件
[DEBUG-2024-04-29 00:39:33] 第23线的Alpha事件转换结束，共有1个Alpha事件
[DEBUG-2024-04-29 00:39:33] 第24线的Move事件转换结束，共有1733个Move事件
[DEBUG-2024-04-29 00:39:33] 第24线的rotate事件转换结束，共有1291个rotate事件
[DEBUG-2024-04-29 00:39:33] 第24线的Alpha事件转换结束，共有1个Alpha事件
[INFO-2024-04-29 00:39:33] 转谱结束，共有24条判定线
[DEBUG-2024-04-29 00:39:33] 读取配置文件成功，谱面转换工作结束，谱面信息：3，等待加载
[DEBUG-2024-04-29 01:09:14] 加载按钮被点击，开始加载流程
[DEBUG-2024-04-29 01:09:14] 检测到当前为WINDOWS_DEBUG环境，当前缓存文件路径为：D:/UnityProject/Phigros_Sim/Assets/ChartTemp
[INFO-2024-04-29 01:09:14] 缓存文件清理完成
[DEBUG-2024-04-29 01:09:14] 文件释放成功
[DEBUG-2024-04-29 01:09:15] 第1线的Move事件转换结束，共有2577个Move事件
[DEBUG-2024-04-29 01:09:15] 第1线的rotate事件转换结束，共有7099个rotate事件
[DEBUG-2024-04-29 01:09:15] 第1线的Alpha事件转换结束，共有148个Alpha事件
[DEBUG-2024-04-29 01:09:15] 第2线的Move事件转换结束，共有1066个Move事件
[DEBUG-2024-04-29 01:09:15] 第2线的rotate事件转换结束，共有2764个rotate事件
[DEBUG-2024-04-29 01:09:15] 第2线的Alpha事件转换结束，共有207个Alpha事件
[DEBUG-2024-04-29 01:09:15] 第3线的Move事件转换结束，共有2128个Move事件
[DEBUG-2024-04-29 01:09:15] 第3线的rotate事件转换结束，共有2656个rotate事件
[DEBUG-2024-04-29 01:09:15] 第3线的Alpha事件转换结束，共有1961个Alpha事件
[DEBUG-2024-04-29 01:09:15] 第4线的Move事件转换结束，共有1793个Move事件
[DEBUG-2024-04-29 01:09:15] 第4线的rotate事件转换结束，共有1573个rotate事件
[DEBUG-2024-04-29 01:09:15] 第4线的Alpha事件转换结束，共有1635个Alpha事件
[DEBUG-2024-04-29 01:09:15] 第5线的Move事件转换结束，共有2290个Move事件
[DEBUG-2024-04-29 01:09:15] 第5线的rotate事件转换结束，共有734个rotate事件
[DEBUG-2024-04-29 01:09:15] 第5线的Alpha事件转换结束，共有1028个Alpha事件
[DEBUG-2024-04-29 01:09:15] 第6线的Move事件转换结束，共有2066个Move事件
[DEBUG-2024-04-29 01:09:15] 第6线的rotate事件转换结束，共有762个rotate事件
[DEBUG-2024-04-29 01:09:15] 第6线的Alpha事件转换结束，共有1019个Alpha事件
[DEBUG-2024-04-29 01:09:15] 第7线的Move事件转换结束，共有3619个Move事件
[DEBUG-2024-04-29 01:09:15] 第7线的rotate事件转换结束，共有1755个rotate事件
[DEBUG-2024-04-29 01:09:15] 第7线的Alpha事件转换结束，共有867个Alpha事件
[DEBUG-2024-04-29 01:09:15] 第8线的Move事件转换结束，共有3679个Move事件
[DEBUG-2024-04-29 01:09:15] 第8线的rotate事件转换结束，共有1753个rotate事件
[DEBUG-2024-04-29 01:09:15] 第8线的Alpha事件转换结束，共有814个Alpha事件
[DEBUG-2024-04-29 01:09:15] 第9线的Move事件转换结束，共有989个Move事件
[DEBUG-2024-04-29 01:09:15] 第9线的rotate事件转换结束，共有238个rotate事件
[DEBUG-2024-04-29 01:09:15] 第9线的Alpha事件转换结束，共有2190个Alpha事件
[DEBUG-2024-04-29 01:09:15] 第10线的Move事件转换结束，共有1132个Move事件
[DEBUG-2024-04-29 01:09:15] 第10线的rotate事件转换结束，共有821个rotate事件
[DEBUG-2024-04-29 01:09:16] 第10线的Alpha事件转换结束，共有2261个Alpha事件
[DEBUG-2024-04-29 01:09:16] 第11线的Move事件转换结束，共有895个Move事件
[DEBUG-2024-04-29 01:09:16] 第11线的rotate事件转换结束，共有689个rotate事件
[DEBUG-2024-04-29 01:09:16] 第11线的Alpha事件转换结束，共有382个Alpha事件
[DEBUG-2024-04-29 01:09:16] 第12线的Move事件转换结束，共有667个Move事件
[DEBUG-2024-04-29 01:09:16] 第12线的rotate事件转换结束，共有627个rotate事件
[DEBUG-2024-04-29 01:09:16] 第12线的Alpha事件转换结束，共有1301个Alpha事件
[DEBUG-2024-04-29 01:09:16] 第13线的Move事件转换结束，共有1526个Move事件
[DEBUG-2024-04-29 01:09:16] 第13线的rotate事件转换结束，共有373个rotate事件
[DEBUG-2024-04-29 01:09:16] 第13线的Alpha事件转换结束，共有674个Alpha事件
[DEBUG-2024-04-29 01:09:16] 第14线的Move事件转换结束，共有1714个Move事件
[DEBUG-2024-04-29 01:09:16] 第14线的rotate事件转换结束，共有634个rotate事件
[DEBUG-2024-04-29 01:09:16] 第14线的Alpha事件转换结束，共有638个Alpha事件
[DEBUG-2024-04-29 01:09:16] 第15线的Move事件转换结束，共有800个Move事件
[DEBUG-2024-04-29 01:09:16] 第15线的rotate事件转换结束，共有473个rotate事件
[DEBUG-2024-04-29 01:09:16] 第15线的Alpha事件转换结束，共有182个Alpha事件
[DEBUG-2024-04-29 01:09:16] 第16线的Move事件转换结束，共有1495个Move事件
[DEBUG-2024-04-29 01:09:16] 第16线的rotate事件转换结束，共有351个rotate事件
[DEBUG-2024-04-29 01:09:16] 第16线的Alpha事件转换结束，共有253个Alpha事件
[DEBUG-2024-04-29 01:09:16] 第17线的Move事件转换结束，共有1264个Move事件
[DEBUG-2024-04-29 01:09:16] 第17线的rotate事件转换结束，共有218个rotate事件
[DEBUG-2024-04-29 01:09:16] 第17线的Alpha事件转换结束，共有245个Alpha事件
[DEBUG-2024-04-29 01:09:16] 第18线的Move事件转换结束，共有927个Move事件
[DEBUG-2024-04-29 01:09:16] 第18线的rotate事件转换结束，共有351个rotate事件
[DEBUG-2024-04-29 01:09:16] 第18线的Alpha事件转换结束，共有226个Alpha事件
[DEBUG-2024-04-29 01:09:16] 第19线的Move事件转换结束，共有462个Move事件
[DEBUG-2024-04-29 01:09:16] 第19线的rotate事件转换结束，共有7个rotate事件
[DEBUG-2024-04-29 01:09:16] 第19线的Alpha事件转换结束，共有1个Alpha事件
[DEBUG-2024-04-29 01:09:16] 第20线的Move事件转换结束，共有462个Move事件
[DEBUG-2024-04-29 01:09:16] 第20线的rotate事件转换结束，共有7个rotate事件
[DEBUG-2024-04-29 01:09:16] 第20线的Alpha事件转换结束，共有1个Alpha事件
[DEBUG-2024-04-29 01:09:16] 第21线的Move事件转换结束，共有462个Move事件
[DEBUG-2024-04-29 01:09:16] 第21线的rotate事件转换结束，共有6个rotate事件
[DEBUG-2024-04-29 01:09:16] 第21线的Alpha事件转换结束，共有1个Alpha事件
[DEBUG-2024-04-29 01:09:16] 第22线的Move事件转换结束，共有1210个Move事件
[DEBUG-2024-04-29 01:09:16] 第22线的rotate事件转换结束，共有307个rotate事件
[DEBUG-2024-04-29 01:09:16] 第22线的Alpha事件转换结束，共有1个Alpha事件
[DEBUG-2024-04-29 01:09:16] 第23线的Move事件转换结束，共有1638个Move事件
[DEBUG-2024-04-29 01:09:16] 第23线的rotate事件转换结束，共有1173个rotate事件
[DEBUG-2024-04-29 01:09:16] 第23线的Alpha事件转换结束，共有1个Alpha事件
[DEBUG-2024-04-29 01:09:16] 第24线的Move事件转换结束，共有1733个Move事件
[DEBUG-2024-04-29 01:09:16] 第24线的rotate事件转换结束，共有1291个rotate事件
[DEBUG-2024-04-29 01:09:16] 第24线的Alpha事件转换结束，共有1个Alpha事件
[INFO-2024-04-29 01:09:16] 转谱结束，共有24条判定线
[DEBUG-2024-04-29 01:09:16] 读取配置文件成功，谱面转换工作结束，谱面信息：3，等待加载
[DEBUG-2024-04-29 01:12:42] 加载按钮被点击，开始加载流程
[DEBUG-2024-04-29 01:12:42] 检测到当前为WINDOWS_DEBUG环境，当前缓存文件路径为：D:/UnityProject/Phigros_Sim/Assets/ChartTemp
[INFO-2024-04-29 01:12:42] 缓存文件清理完成
[DEBUG-2024-04-29 01:12:43] 文件释放成功
[DEBUG-2024-04-29 01:12:44] 第1线的Move事件转换结束，共有2577个Move事件
[DEBUG-2024-04-29 01:12:44] 第1线的rotate事件转换结束，共有7099个rotate事件
[DEBUG-2024-04-29 01:12:44] 第1线的Alpha事件转换结束，共有148个Alpha事件
[DEBUG-2024-04-29 01:12:44] 第2线的Move事件转换结束，共有1066个Move事件
[DEBUG-2024-04-29 01:12:44] 第2线的rotate事件转换结束，共有2764个rotate事件
[DEBUG-2024-04-29 01:12:44] 第2线的Alpha事件转换结束，共有207个Alpha事件
[DEBUG-2024-04-29 01:12:44] 第3线的Move事件转换结束，共有2128个Move事件
[DEBUG-2024-04-29 01:12:44] 第3线的rotate事件转换结束，共有2656个rotate事件
[DEBUG-2024-04-29 01:12:44] 第3线的Alpha事件转换结束，共有1961个Alpha事件
[DEBUG-2024-04-29 01:12:44] 第4线的Move事件转换结束，共有1793个Move事件
[DEBUG-2024-04-29 01:12:44] 第4线的rotate事件转换结束，共有1573个rotate事件
[DEBUG-2024-04-29 01:12:44] 第4线的Alpha事件转换结束，共有1635个Alpha事件
[DEBUG-2024-04-29 01:12:44] 第5线的Move事件转换结束，共有2290个Move事件
[DEBUG-2024-04-29 01:12:44] 第5线的rotate事件转换结束，共有734个rotate事件
[DEBUG-2024-04-29 01:12:44] 第5线的Alpha事件转换结束，共有1028个Alpha事件
[DEBUG-2024-04-29 01:12:44] 第6线的Move事件转换结束，共有2066个Move事件
[DEBUG-2024-04-29 01:12:44] 第6线的rotate事件转换结束，共有762个rotate事件
[DEBUG-2024-04-29 01:12:45] 第6线的Alpha事件转换结束，共有1019个Alpha事件
[DEBUG-2024-04-29 01:12:45] 第7线的Move事件转换结束，共有3619个Move事件
[DEBUG-2024-04-29 01:12:45] 第7线的rotate事件转换结束，共有1755个rotate事件
[DEBUG-2024-04-29 01:12:45] 第7线的Alpha事件转换结束，共有867个Alpha事件
[DEBUG-2024-04-29 01:12:45] 第8线的Move事件转换结束，共有3679个Move事件
[DEBUG-2024-04-29 01:12:45] 第8线的rotate事件转换结束，共有1753个rotate事件
[DEBUG-2024-04-29 01:12:45] 第8线的Alpha事件转换结束，共有814个Alpha事件
[DEBUG-2024-04-29 01:12:45] 第9线的Move事件转换结束，共有989个Move事件
[DEBUG-2024-04-29 01:12:45] 第9线的rotate事件转换结束，共有238个rotate事件
[DEBUG-2024-04-29 01:12:45] 第9线的Alpha事件转换结束，共有2190个Alpha事件
[DEBUG-2024-04-29 01:12:45] 第10线的Move事件转换结束，共有1132个Move事件
[DEBUG-2024-04-29 01:12:45] 第10线的rotate事件转换结束，共有821个rotate事件
[DEBUG-2024-04-29 01:12:45] 第10线的Alpha事件转换结束，共有2261个Alpha事件
[DEBUG-2024-04-29 01:12:45] 第11线的Move事件转换结束，共有895个Move事件
[DEBUG-2024-04-29 01:12:45] 第11线的rotate事件转换结束，共有689个rotate事件
[DEBUG-2024-04-29 01:12:45] 第11线的Alpha事件转换结束，共有382个Alpha事件
[DEBUG-2024-04-29 01:12:45] 第12线的Move事件转换结束，共有667个Move事件
[DEBUG-2024-04-29 01:12:45] 第12线的rotate事件转换结束，共有627个rotate事件
[DEBUG-2024-04-29 01:12:45] 第12线的Alpha事件转换结束，共有1301个Alpha事件
[DEBUG-2024-04-29 01:12:45] 第13线的Move事件转换结束，共有1526个Move事件
[DEBUG-2024-04-29 01:12:45] 第13线的rotate事件转换结束，共有373个rotate事件
[DEBUG-2024-04-29 01:12:45] 第13线的Alpha事件转换结束，共有674个Alpha事件
[DEBUG-2024-04-29 01:12:45] 第14线的Move事件转换结束，共有1714个Move事件
[DEBUG-2024-04-29 01:12:45] 第14线的rotate事件转换结束，共有634个rotate事件
[DEBUG-2024-04-29 01:12:45] 第14线的Alpha事件转换结束，共有638个Alpha事件
[DEBUG-2024-04-29 01:12:45] 第15线的Move事件转换结束，共有800个Move事件
[DEBUG-2024-04-29 01:12:45] 第15线的rotate事件转换结束，共有473个rotate事件
[DEBUG-2024-04-29 01:12:45] 第15线的Alpha事件转换结束，共有182个Alpha事件
[DEBUG-2024-04-29 01:12:45] 第16线的Move事件转换结束，共有1495个Move事件
[DEBUG-2024-04-29 01:12:45] 第16线的rotate事件转换结束，共有351个rotate事件
[DEBUG-2024-04-29 01:12:45] 第16线的Alpha事件转换结束，共有253个Alpha事件
[DEBUG-2024-04-29 01:12:45] 第17线的Move事件转换结束，共有1264个Move事件
[DEBUG-2024-04-29 01:12:45] 第17线的rotate事件转换结束，共有218个rotate事件
[DEBUG-2024-04-29 01:12:45] 第17线的Alpha事件转换结束，共有245个Alpha事件
[DEBUG-2024-04-29 01:12:45] 第18线的Move事件转换结束，共有927个Move事件
[DEBUG-2024-04-29 01:12:45] 第18线的rotate事件转换结束，共有351个rotate事件
[DEBUG-2024-04-29 01:12:45] 第18线的Alpha事件转换结束，共有226个Alpha事件
[DEBUG-2024-04-29 01:12:45] 第19线的Move事件转换结束，共有462个Move事件
[DEBUG-2024-04-29 01:12:45] 第19线的rotate事件转换结束，共有7个rotate事件
[DEBUG-2024-04-29 01:12:45] 第19线的Alpha事件转换结束，共有1个Alpha事件
[DEBUG-2024-04-29 01:12:45] 第20线的Move事件转换结束，共有462个Move事件
[DEBUG-2024-04-29 01:12:45] 第20线的rotate事件转换结束，共有7个rotate事件
[DEBUG-2024-04-29 01:12:45] 第20线的Alpha事件转换结束，共有1个Alpha事件
[DEBUG-2024-04-29 01:12:45] 第21线的Move事件转换结束，共有462个Move事件
[DEBUG-2024-04-29 01:12:45] 第21线的rotate事件转换结束，共有6个rotate事件
[DEBUG-2024-04-29 01:12:45] 第21线的Alpha事件转换结束，共有1个Alpha事件
[DEBUG-2024-04-29 01:12:45] 第22线的Move事件转换结束，共有1210个Move事件
[DEBUG-2024-04-29 01:12:45] 第22线的rotate事件转换结束，共有307个rotate事件
[DEBUG-2024-04-29 01:12:45] 第22线的Alpha事件转换结束，共有1个Alpha事件
[DEBUG-2024-04-29 01:12:45] 第23线的Move事件转换结束，共有1638个Move事件
[DEBUG-2024-04-29 01:12:45] 第23线的rotate事件转换结束，共有1173个rotate事件
[DEBUG-2024-04-29 01:12:45] 第23线的Alpha事件转换结束，共有1个Alpha事件
[DEBUG-2024-04-29 01:12:45] 第24线的Move事件转换结束，共有1733个Move事件
[DEBUG-2024-04-29 01:12:45] 第24线的rotate事件转换结束，共有1291个rotate事件
[DEBUG-2024-04-29 01:12:45] 第24线的Alpha事件转换结束，共有1个Alpha事件
[INFO-2024-04-29 01:12:45] 转谱结束，共有24条判定线
[DEBUG-2024-04-29 01:12:46] 读取配置文件成功，谱面转换工作结束，谱面信息：3，等待加载
[DEBUG-2024-04-29 01:22:07] 加载按钮被点击，开始加载流程
[DEBUG-2024-04-29 01:22:07] 检测到当前为WINDOWS_DEBUG环境，当前缓存文件路径为：D:/UnityProject/Phigros_Sim/Assets/ChartTemp
[INFO-2024-04-29 01:22:07] 缓存文件清理完成
[DEBUG-2024-04-29 01:22:07] 文件释放成功
[DEBUG-2024-04-29 01:22:08] 第1线的Move事件转换结束，共有2577个Move事件
[DEBUG-2024-04-29 01:22:08] 第1线的rotate事件转换结束，共有7099个rotate事件
[DEBUG-2024-04-29 01:22:08] 第1线的Alpha事件转换结束，共有148个Alpha事件
[DEBUG-2024-04-29 01:22:08] 第2线的Move事件转换结束，共有1066个Move事件
[DEBUG-2024-04-29 01:22:08] 第2线的rotate事件转换结束，共有2764个rotate事件
[DEBUG-2024-04-29 01:22:08] 第2线的Alpha事件转换结束，共有207个Alpha事件
[DEBUG-2024-04-29 01:22:08] 第3线的Move事件转换结束，共有2128个Move事件
[DEBUG-2024-04-29 01:22:08] 第3线的rotate事件转换结束，共有2656个rotate事件
[DEBUG-2024-04-29 01:22:08] 第3线的Alpha事件转换结束，共有1961个Alpha事件
[DEBUG-2024-04-29 01:22:08] 第4线的Move事件转换结束，共有1793个Move事件
[DEBUG-2024-04-29 01:22:08] 第4线的rotate事件转换结束，共有1573个rotate事件
[DEBUG-2024-04-29 01:22:08] 第4线的Alpha事件转换结束，共有1635个Alpha事件
[DEBUG-2024-04-29 01:22:08] 第5线的Move事件转换结束，共有2290个Move事件
[DEBUG-2024-04-29 01:22:08] 第5线的rotate事件转换结束，共有734个rotate事件
[DEBUG-2024-04-29 01:22:08] 第5线的Alpha事件转换结束，共有1028个Alpha事件
[DEBUG-2024-04-29 01:22:08] 第6线的Move事件转换结束，共有2066个Move事件
[DEBUG-2024-04-29 01:22:08] 第6线的rotate事件转换结束，共有762个rotate事件
[DEBUG-2024-04-29 01:22:08] 第6线的Alpha事件转换结束，共有1019个Alpha事件
[DEBUG-2024-04-29 01:22:09] 第7线的Move事件转换结束，共有3619个Move事件
[DEBUG-2024-04-29 01:22:09] 第7线的rotate事件转换结束，共有1755个rotate事件
[DEBUG-2024-04-29 01:22:09] 第7线的Alpha事件转换结束，共有867个Alpha事件
[DEBUG-2024-04-29 01:22:09] 第8线的Move事件转换结束，共有3679个Move事件
[DEBUG-2024-04-29 01:22:09] 第8线的rotate事件转换结束，共有1753个rotate事件
[DEBUG-2024-04-29 01:22:09] 第8线的Alpha事件转换结束，共有814个Alpha事件
[DEBUG-2024-04-29 01:22:09] 第9线的Move事件转换结束，共有989个Move事件
[DEBUG-2024-04-29 01:22:09] 第9线的rotate事件转换结束，共有238个rotate事件
[DEBUG-2024-04-29 01:22:09] 第9线的Alpha事件转换结束，共有2190个Alpha事件
[DEBUG-2024-04-29 01:22:09] 第10线的Move事件转换结束，共有1132个Move事件
[DEBUG-2024-04-29 01:22:09] 第10线的rotate事件转换结束，共有821个rotate事件
[DEBUG-2024-04-29 01:22:09] 第10线的Alpha事件转换结束，共有2261个Alpha事件
[DEBUG-2024-04-29 01:22:09] 第11线的Move事件转换结束，共有895个Move事件
[DEBUG-2024-04-29 01:22:09] 第11线的rotate事件转换结束，共有689个rotate事件
[DEBUG-2024-04-29 01:22:09] 第11线的Alpha事件转换结束，共有382个Alpha事件
[DEBUG-2024-04-29 01:22:09] 第12线的Move事件转换结束，共有667个Move事件
[DEBUG-2024-04-29 01:22:09] 第12线的rotate事件转换结束，共有627个rotate事件
[DEBUG-2024-04-29 01:22:09] 第12线的Alpha事件转换结束，共有1301个Alpha事件
[DEBUG-2024-04-29 01:22:09] 第13线的Move事件转换结束，共有1526个Move事件
[DEBUG-2024-04-29 01:22:09] 第13线的rotate事件转换结束，共有373个rotate事件
[DEBUG-2024-04-29 01:22:09] 第13线的Alpha事件转换结束，共有674个Alpha事件
[DEBUG-2024-04-29 01:22:09] 第14线的Move事件转换结束，共有1714个Move事件
[DEBUG-2024-04-29 01:22:09] 第14线的rotate事件转换结束，共有634个rotate事件
[DEBUG-2024-04-29 01:22:09] 第14线的Alpha事件转换结束，共有638个Alpha事件
[DEBUG-2024-04-29 01:22:09] 第15线的Move事件转换结束，共有800个Move事件
[DEBUG-2024-04-29 01:22:09] 第15线的rotate事件转换结束，共有473个rotate事件
[DEBUG-2024-04-29 01:22:09] 第15线的Alpha事件转换结束，共有182个Alpha事件
[DEBUG-2024-04-29 01:22:09] 第16线的Move事件转换结束，共有1495个Move事件
[DEBUG-2024-04-29 01:22:09] 第16线的rotate事件转换结束，共有351个rotate事件
[DEBUG-2024-04-29 01:22:09] 第16线的Alpha事件转换结束，共有253个Alpha事件
[DEBUG-2024-04-29 01:22:09] 第17线的Move事件转换结束，共有1264个Move事件
[DEBUG-2024-04-29 01:22:09] 第17线的rotate事件转换结束，共有218个rotate事件
[DEBUG-2024-04-29 01:22:09] 第17线的Alpha事件转换结束，共有245个Alpha事件
[DEBUG-2024-04-29 01:22:09] 第18线的Move事件转换结束，共有927个Move事件
[DEBUG-2024-04-29 01:22:09] 第18线的rotate事件转换结束，共有351个rotate事件
[DEBUG-2024-04-29 01:22:09] 第18线的Alpha事件转换结束，共有226个Alpha事件
[DEBUG-2024-04-29 01:22:09] 第19线的Move事件转换结束，共有462个Move事件
[DEBUG-2024-04-29 01:22:09] 第19线的rotate事件转换结束，共有7个rotate事件
[DEBUG-2024-04-29 01:22:09] 第19线的Alpha事件转换结束，共有1个Alpha事件
[DEBUG-2024-04-29 01:22:09] 第20线的Move事件转换结束，共有462个Move事件
[DEBUG-2024-04-29 01:22:09] 第20线的rotate事件转换结束，共有7个rotate事件
[DEBUG-2024-04-29 01:22:09] 第20线的Alpha事件转换结束，共有1个Alpha事件
[DEBUG-2024-04-29 01:22:09] 第21线的Move事件转换结束，共有462个Move事件
[DEBUG-2024-04-29 01:22:09] 第21线的rotate事件转换结束，共有6个rotate事件
[DEBUG-2024-04-29 01:22:09] 第21线的Alpha事件转换结束，共有1个Alpha事件
[DEBUG-2024-04-29 01:22:09] 第22线的Move事件转换结束，共有1210个Move事件
[DEBUG-2024-04-29 01:22:09] 第22线的rotate事件转换结束，共有307个rotate事件
[DEBUG-2024-04-29 01:22:09] 第22线的Alpha事件转换结束，共有1个Alpha事件
[DEBUG-2024-04-29 01:22:09] 第23线的Move事件转换结束，共有1638个Move事件
[DEBUG-2024-04-29 01:22:09] 第23线的rotate事件转换结束，共有1173个rotate事件
[DEBUG-2024-04-29 01:22:09] 第23线的Alpha事件转换结束，共有1个Alpha事件
[DEBUG-2024-04-29 01:22:09] 第24线的Move事件转换结束，共有1733个Move事件
[DEBUG-2024-04-29 01:22:09] 第24线的rotate事件转换结束，共有1291个rotate事件
[DEBUG-2024-04-29 01:22:09] 第24线的Alpha事件转换结束，共有1个Alpha事件
[INFO-2024-04-29 01:22:09] 转谱结束，共有24条判定线
[DEBUG-2024-04-29 01:22:09] 读取配置文件成功，谱面转换工作结束，谱面信息：3，等待加载